INFO:root:Segment count: 1000
INFO:root:Query count: 100
INFO:root:Query Segment Distribution: latest
INFO:root:Query Size Distribution: latest
INFO:root:Query size range: 3, 10
INFO:root:Placement Strategy: druidcostbased
INFO:root:Historical Node Count: 10
INFO:root: +++++Max Score: 831+++++
INFO:root:+++++Last node to finish ID: 9+++++
INFO:root:Segment count: 1000
INFO:root:Query count: 100
INFO:root:Query Segment Distribution: latest
INFO:root:Query Size Distribution: latest
INFO:root:Query size range: 3, 10
INFO:root:Placement Strategy: druidcostbased
INFO:root:Historical Node Count: 10
INFO:root: +++++Max Score: 783+++++
INFO:root:+++++Last node to finish ID: 9+++++
INFO:root:Segment count: 1000
INFO:root:Query count: 100
INFO:root:Query Segment Distribution: latest
INFO:root:Query Size Distribution: latest
INFO:root:Query size range: 3, 10
INFO:root:Placement Strategy: druidcostbased
INFO:root:Historical Node Count: 10
INFO:root: +++++Max Score: 745+++++
INFO:root:+++++Last node to finish ID: 9+++++
INFO:root:Segment count: 1000
INFO:root:Query count: 100
INFO:root:Query Segment Distribution: latest
INFO:root:Query Size Distribution: latest
INFO:root:Query size range: 3, 10
INFO:root:Placement Strategy: druidcostbased
INFO:root:Historical Node Count: 10
INFO:root: +++++Max Score: 824+++++
INFO:root:+++++Last node to finish ID: 9+++++
INFO:root:Segment count: 1000
INFO:root:Query count: 100
INFO:root:Query Segment Distribution: latest
INFO:root:Query Size Distribution: latest
INFO:root:Query size range: 3, 10
INFO:root:Placement Strategy: druidcostbased
INFO:root:Historical Node Count: 10
INFO:root: +++++Max Score: 793+++++
INFO:root:+++++Last node to finish ID: 9+++++
INFO:root:Segment count: 1000
INFO:root:Query count: 100
INFO:root:Query Segment Distribution: latest
INFO:root:Query Size Distribution: latest
INFO:root:Query size range: 3, 10
INFO:root:Placement Strategy: druidcostbased
INFO:root:Historical Node Count: 10
INFO:root: +++++Max Score: 798+++++
INFO:root:+++++Last node to finish ID: 9+++++
INFO:root:Segment count: 1000
INFO:root:Query count: 100
INFO:root:Query Segment Distribution: latest
INFO:root:Query Size Distribution: latest
INFO:root:Query size range: 3, 10
INFO:root:Placement Strategy: druidcostbased
INFO:root:Historical Node Count: 10
INFO:root: +++++Max Score: 825+++++
INFO:root:+++++Last node to finish ID: 9+++++
INFO:root:Segment count: 1000
INFO:root:Query count: 100
INFO:root:Query Segment Distribution: latest
INFO:root:Query Size Distribution: latest
INFO:root:Query size range: 3, 10
INFO:root:Placement Strategy: druidcostbased
INFO:root:Historical Node Count: 10
INFO:root: +++++Max Score: 823+++++
INFO:root:+++++Last node to finish ID: 9+++++
INFO:root:Segment count: 1000
INFO:root:Query count: 100
INFO:root:Query Segment Distribution: latest
INFO:root:Query Size Distribution: latest
INFO:root:Query size range: 3, 10
INFO:root:Placement Strategy: druidcostbased
INFO:root:Historical Node Count: 10
INFO:root: +++++Max Score: 786+++++
INFO:root:+++++Last node to finish ID: 9+++++
INFO:root:Segment count: 1000
INFO:root:Query count: 100
INFO:root:Query Segment Distribution: latest
INFO:root:Query Size Distribution: latest
INFO:root:Query size range: 3, 10
INFO:root:Placement Strategy: druidcostbased
INFO:root:Historical Node Count: 10
INFO:root: +++++Max Score: 790+++++
INFO:root:+++++Last node to finish ID: 9+++++
