INFO:root:Segment count: 1000
INFO:root:Query count: 100
INFO:root:Query Segment Distribution: latest
INFO:root:Query Size Distribution: latest
INFO:root:Query size range: 3, 10
INFO:root:Placement Strategy: random
INFO:root:Historical Node Count: 10
INFO:root: +++++Max Score: 177+++++
INFO:root:+++++Last node to finish ID: 8+++++
INFO:root:Segment count: 1000
INFO:root:Query count: 100
INFO:root:Query Segment Distribution: latest
INFO:root:Query Size Distribution: latest
INFO:root:Query size range: 3, 10
INFO:root:Placement Strategy: random
INFO:root:Historical Node Count: 10
INFO:root: +++++Max Score: 176+++++
INFO:root:+++++Last node to finish ID: 6+++++
INFO:root:Segment count: 1000
INFO:root:Query count: 100
INFO:root:Query Segment Distribution: latest
INFO:root:Query Size Distribution: latest
INFO:root:Query size range: 3, 10
INFO:root:Placement Strategy: random
INFO:root:Historical Node Count: 10
INFO:root: +++++Max Score: 145+++++
INFO:root:+++++Last node to finish ID: 3+++++
INFO:root:Segment count: 1000
INFO:root:Query count: 100
INFO:root:Query Segment Distribution: latest
INFO:root:Query Size Distribution: latest
INFO:root:Query size range: 3, 10
INFO:root:Placement Strategy: random
INFO:root:Historical Node Count: 10
INFO:root: +++++Max Score: 224+++++
INFO:root:+++++Last node to finish ID: 9+++++
INFO:root:Segment count: 1000
INFO:root:Query count: 100
INFO:root:Query Segment Distribution: latest
INFO:root:Query Size Distribution: latest
INFO:root:Query size range: 3, 10
INFO:root:Placement Strategy: random
INFO:root:Historical Node Count: 10
INFO:root: +++++Max Score: 198+++++
INFO:root:+++++Last node to finish ID: 6+++++
INFO:root:Segment count: 1000
INFO:root:Query count: 100
INFO:root:Query Segment Distribution: latest
INFO:root:Query Size Distribution: latest
INFO:root:Query size range: 3, 10
INFO:root:Placement Strategy: random
INFO:root:Historical Node Count: 10
INFO:root: +++++Max Score: 201+++++
INFO:root:+++++Last node to finish ID: 6+++++
INFO:root:Segment count: 1000
INFO:root:Query count: 100
INFO:root:Query Segment Distribution: latest
INFO:root:Query Size Distribution: latest
INFO:root:Query size range: 3, 10
INFO:root:Placement Strategy: random
INFO:root:Historical Node Count: 10
INFO:root: +++++Max Score: 157+++++
INFO:root:+++++Last node to finish ID: 6+++++
INFO:root:Segment count: 1000
INFO:root:Query count: 100
INFO:root:Query Segment Distribution: latest
INFO:root:Query Size Distribution: latest
INFO:root:Query size range: 3, 10
INFO:root:Placement Strategy: random
INFO:root:Historical Node Count: 10
INFO:root: +++++Max Score: 197+++++
INFO:root:+++++Last node to finish ID: 4+++++
INFO:root:Segment count: 1000
INFO:root:Query count: 100
INFO:root:Query Segment Distribution: latest
INFO:root:Query Size Distribution: latest
INFO:root:Query size range: 3, 10
INFO:root:Placement Strategy: random
INFO:root:Historical Node Count: 10
INFO:root: +++++Max Score: 143+++++
INFO:root:+++++Last node to finish ID: 8+++++
